New log file opened at Thu Apr 07 10:37:59 BRT 2016 by 2920@pc-ilegra-ab
jvm 2920@pc-ilegra-ab
jvm vmName=Java HotSpot(TM) 64-Bit Server VM vmVendor=Oracle Corporation vmVersion=25.65-b01
jvm specName=Java Virtual Machine Specification specVendor=Oracle Corporation specVersion=1.8
jvm arguments: [-Xms256m, -Xmx1024m, -XX:MetaspaceSize=64m, -XX:MaxMetaspaceSize=256m]
Starting event engine
Starting sbt command engine
Waiting for sbt command engine
Command engine arguments=List()
Command engine baseDirectory=C:\Users\Artur\Desktop\ScalaWars\ScalaWarsEpIX
Command engine initial remaining commands List(--initialize, onFailure load-failed, boot, server-send-ready-for-request, server-handle-next-server-request)
> --initialize
> initialize
> onFailure load-failed
> boot
> reload
[Loading] Scanning directory C:\Users\Artur\Desktop\ScalaWars\ScalaWarsEpIX\project
[Loading] Found non-root projects 
[Loading] Done in C:\Users\Artur\Desktop\ScalaWars\ScalaWarsEpIX\project, returning: ()
deducing auto plugins based on known facts Set(Atom(sbt.plugins.CorePlugin)) and clauses Clauses(List(Clause(Atom(sbt.plugins.JvmPlugin),Set(Atom(sbt.plugins.IvyPlugin))), Clause(Atom(sbt.plugins.JUnitXmlReportPlugin),Set(Atom(sbt.plugins.JvmPlugin))), Clause(Atom(sbt.plugins.CorePlugin),Set(Atom(sbt.plugins.IvyPlugin))), Clause(Atom(sbt.plugins.IvyPlugin),Set(Atom(sbt.plugins.JvmPlugin))), Clause(Atom(sbt.plugins.JvmPlugin),Set(Atom(sbt.plugins.JUnitXmlReportPlugin)))))
  :: deduced result: Matched(sbt.plugins.CorePlugin,sbt.plugins.IvyPlugin,sbt.plugins.JvmPlugin,sbt.plugins.JUnitXmlReportPlugin)
sorting: ns: List(sbt.plugins.CorePlugin, sbt.plugins.IvyPlugin, sbt.plugins.JvmPlugin, sbt.plugins.JUnitXmlReportPlugin)
  :: sorting:: found: List(sbt.plugins.CorePlugin) not found List(sbt.plugins.IvyPlugin, sbt.plugins.JvmPlugin, sbt.plugins.JUnitXmlReportPlugin)
  :: sorting:: found: List(sbt.plugins.CorePlugin, sbt.plugins.IvyPlugin) not found List(sbt.plugins.JvmPlugin, sbt.plugins.JUnitXmlReportPlugin)
  :: sorting:: found: List(sbt.plugins.CorePlugin, sbt.plugins.IvyPlugin, sbt.plugins.JvmPlugin) not found List(sbt.plugins.JUnitXmlReportPlugin)
  :: sorting:: found: List(sbt.plugins.CorePlugin, sbt.plugins.IvyPlugin, sbt.plugins.JvmPlugin, sbt.plugins.JUnitXmlReportPlugin) not found List()
  :: sorted deduced result: List(sbt.plugins.CorePlugin, sbt.plugins.IvyPlugin, sbt.plugins.JvmPlugin, sbt.plugins.JUnitXmlReportPlugin)
[Loading] Done in C:\Users\Artur\Desktop\ScalaWars\ScalaWarsEpIX\project, returning: (scalawarsepix-build)
Loading project definition from C:\Users\Artur\Desktop\ScalaWars\ScalaWarsEpIX\project
Running task... Cancel: sbt.TaskCancellationStrategy$Null$@10661e2a, check cycles: false

Initial source changes: 
	removed:Set()
	added: Set()
	modified: Set()
Removed products: Set()
External API changes: API Changes: Set()
Modified binary dependencies: Set()
Initial directly invalidated sources: Set()

Sources indirectly invalidated by:
	product: Set()
	binary dep: Set()
	external source: Set()
All initially invalidated sources: Set()

Copy resource mappings: 
	
[Loading] Scanning directory C:\Users\Artur\Desktop\ScalaWars\ScalaWarsEpIX
[Loading] Found non-root projects 
[Loading] Done in C:\Users\Artur\Desktop\ScalaWars\ScalaWarsEpIX, returning: ()
deducing auto plugins based on known facts Set(Atom(sbt.plugins.CorePlugin)) and clauses Clauses(List(Clause(Atom(sbt.plugins.JvmPlugin),Set(Atom(sbt.plugins.IvyPlugin))), Clause(Atom(sbt.plugins.JUnitXmlReportPlugin),Set(Atom(sbt.plugins.JvmPlugin))), Clause(Atom(sbt.plugins.BackgroundRunPlugin),Set(Atom(sbt.plugins.JvmPlugin))), Clause(Atom(sbt.plugins.CorePlugin),Set(Atom(sbt.plugins.IvyPlugin))), Clause(Atom(sbt.plugins.IvyPlugin),Set(Atom(sbt.plugins.JvmPlugin))), Clause(Atom(sbt.plugins.JvmPlugin),Set(Atom(sbt.plugins.JUnitXmlReportPlugin))), Clause(Atom(sbt.plugins.JvmPlugin),Set(Atom(sbt.plugins.BackgroundRunPlugin))), Clause(Atom(sbt.plugins.CorePlugin),Set(Atom(sbt.plugins.InteractionServicePlugin))), Clause(Atom(sbt.plugins.CorePlugin),Set(Atom(sbt.plugins.SendEventServicePlugin))), Clause(Atom(sbt.plugins.CorePlugin),Set(Atom(sbt.plugins.SerializersPlugin)))))
  :: deduced result: Matched(sbt.plugins.CorePlugin,sbt.plugins.SerializersPlugin,sbt.plugins.SendEventServicePlugin,sbt.plugins.InteractionServicePlugin,sbt.plugins.IvyPlugin,sbt.plugins.JvmPlugin,sbt.plugins.BackgroundRunPlugin,sbt.plugins.JUnitXmlReportPlugin)
sorting: ns: List(sbt.plugins.CorePlugin, sbt.plugins.SerializersPlugin, sbt.plugins.SendEventServicePlugin, sbt.plugins.InteractionServicePlugin, sbt.plugins.IvyPlugin, sbt.plugins.JvmPlugin, sbt.plugins.BackgroundRunPlugin, sbt.plugins.JUnitXmlReportPlugin)
  :: sorting:: found: List(sbt.plugins.CorePlugin) not found List(sbt.plugins.SerializersPlugin, sbt.plugins.SendEventServicePlugin, sbt.plugins.InteractionServicePlugin, sbt.plugins.IvyPlugin, sbt.plugins.JvmPlugin, sbt.plugins.BackgroundRunPlugin, sbt.plugins.JUnitXmlReportPlugin)
  :: sorting:: found: List(sbt.plugins.CorePlugin, sbt.plugins.SerializersPlugin, sbt.plugins.SendEventServicePlugin, sbt.plugins.InteractionServicePlugin, sbt.plugins.IvyPlugin) not found List(sbt.plugins.JvmPlugin, sbt.plugins.BackgroundRunPlugin, sbt.plugins.JUnitXmlReportPlugin)
  :: sorting:: found: List(sbt.plugins.CorePlugin, sbt.plugins.SerializersPlugin, sbt.plugins.SendEventServicePlugin, sbt.plugins.InteractionServicePlugin, sbt.plugins.IvyPlugin, sbt.plugins.JvmPlugin) not found List(sbt.plugins.BackgroundRunPlugin, sbt.plugins.JUnitXmlReportPlugin)
  :: sorting:: found: List(sbt.plugins.CorePlugin, sbt.plugins.SerializersPlugin, sbt.plugins.SendEventServicePlugin, sbt.plugins.InteractionServicePlugin, sbt.plugins.IvyPlugin, sbt.plugins.JvmPlugin, sbt.plugins.BackgroundRunPlugin, sbt.plugins.JUnitXmlReportPlugin) not found List()
  :: sorted deduced result: List(sbt.plugins.CorePlugin, sbt.plugins.SerializersPlugin, sbt.plugins.SendEventServicePlugin, sbt.plugins.InteractionServicePlugin, sbt.plugins.IvyPlugin, sbt.plugins.JvmPlugin, sbt.plugins.BackgroundRunPlugin, sbt.plugins.JUnitXmlReportPlugin)
[Loading] Done in C:\Users\Artur\Desktop\ScalaWars\ScalaWarsEpIX, returning: (scalawarsepix)
Set current project to hello-scala (in build file:/C:/Users/Artur/Desktop/ScalaWars/ScalaWarsEpIX/)
Reapplying settings...
Set current project to hello-scala (in build file:/C:/Users/Artur/Desktop/ScalaWars/ScalaWarsEpIX/)
> iflast shell
> server-send-ready-for-request
> server-handle-next-server-request
> {file:/C:/Users/Artur/Desktop/ScalaWars/ScalaWarsEpIX/}scalawarsepix/compile:discoveredMainClasses
Evaluating tasks: compile:discoveredMainClasses
Running task... Cancel: sbt.server.ServerTaskCancellation@37a1deff, check cycles: false

Initial source changes: 
	removed:Set()
	added: Set()
	modified: Set()
Removed products: Set()
External API changes: API Changes: Set()
Modified binary dependencies: Set()
Initial directly invalidated sources: Set()

Sources indirectly invalidated by:
	product: Set()
	binary dep: Set()
	external source: Set()
All initially invalidated sources: Set()

Total time: 0 s, completed 07/04/2016 10:38:04
> server-post-command-cleanup
> server-handle-next-server-request
> {file:/C:/Users/Artur/Desktop/ScalaWars/ScalaWarsEpIX/}scalawarsepix/compile:mainClass
Evaluating tasks: compile:mainClass
Running task... Cancel: sbt.server.ServerTaskCancellation@2eb587b2, check cycles: false
Total time: 0 s, completed 07/04/2016 10:38:04
> server-post-command-cleanup
> server-handle-next-server-request
> {file:/C:/Users/Artur/Desktop/ScalaWars/ScalaWarsEpIX/}scalawarsepix/compile:discoveredMainClasses
Evaluating tasks: compile:discoveredMainClasses
Running task... Cancel: sbt.server.ServerTaskCancellation@7e9f3e25, check cycles: false

Initial source changes: 
	removed:Set()
	added: Set()
	modified: Set()
Removed products: Set()
External API changes: API Changes: Set()
Modified binary dependencies: Set()
Initial directly invalidated sources: Set()

Sources indirectly invalidated by:
	product: Set()
	binary dep: Set()
	external source: Set()
All initially invalidated sources: Set()

Total time: 0 s, completed 07/04/2016 10:38:04
> server-post-command-cleanup
> server-handle-next-server-request
> {file:/C:/Users/Artur/Desktop/ScalaWars/ScalaWarsEpIX/}scalawarsepix/compile:mainClass
Evaluating tasks: compile:mainClass
Running task... Cancel: sbt.server.ServerTaskCancellation@10406e3, check cycles: false
Total time: 0 s, completed 07/04/2016 10:38:04
> server-post-command-cleanup
> server-handle-next-server-request
> compile
Evaluating tasks: compile:compile
Running task... Cancel: sbt.server.ServerTaskCancellation@381d89fb, check cycles: false

Initial source changes: 
	removed:Set()
	added: Set()
	modified: Set(C:\Users\Artur\Desktop\ScalaWars\ScalaWarsEpIX\src\main\scala\People.scala)
Removed products: Set()
External API changes: API Changes: Set()
Modified binary dependencies: Set()
Initial directly invalidated sources: Set(C:\Users\Artur\Desktop\ScalaWars\ScalaWarsEpIX\src\main\scala\People.scala)

Sources indirectly invalidated by:
	product: Set()
	binary dep: Set()
	external source: Set()
All initially invalidated sources: Set(C:\Users\Artur\Desktop\ScalaWars\ScalaWarsEpIX\src\main\scala\People.scala)

Recompiling all 1 sources: invalidated sources (1) exceeded 50.0% of all sources
Read from stdout: Compiling 1 Scala source to C:\Users\Artur\Desktop\ScalaWars\ScalaWarsEpIX\target\scala-2.11\classes...
Compiling 1 Scala source to C:\Users\Artur\Desktop\ScalaWars\ScalaWarsEpIX\target\scala-2.11\classes...
Getting compiler-interface from component compiler for Scala 2.11.7
Other repositories:
Default repositories:
Getting compiler-interface from component compiler for Scala 2.11.7
Other repositories:
Default repositories:
Running cached compiler 3c181827, interfacing (CompilerInterface) with Scala compiler version 2.11.7
Calling Scala compiler with arguments  (CompilerInterface):
	-bootclasspath
	C:\Program Files\Java\jdk1.8.0_65\jre\lib\resources.jar;C:\Program Files\Java\jdk1.8.0_65\jre\lib\rt.jar;C:\Program Files\Java\jdk1.8.0_65\jre\lib\sunrsasign.jar;C:\Program Files\Java\jdk1.8.0_65\jre\lib\jsse.jar;C:\Program Files\Java\jdk1.8.0_65\jre\lib\jce.jar;C:\Program Files\Java\jdk1.8.0_65\jre\lib\charsets.jar;C:\Program Files\Java\jdk1.8.0_65\jre\lib\jfr.jar;C:\Program Files\Java\jdk1.8.0_65\jre\classes;C:\Users\Artur\.ivy2\cache\org.scala-lang\scala-library\jars\scala-library-2.11.7.jar
	-classpath
	C:\Users\Artur\Desktop\ScalaWars\ScalaWarsEpIX\target\scala-2.11\classes;C:\Users\Artur\.ivy2\cache\org.apache.httpcomponents\httpclient\jars\httpclient-4.0-alpha4.jar;C:\Users\Artur\.ivy2\cache\org.apache.httpcomponents\httpcore\jars\httpcore-4.0-beta1.jar;C:\Users\Artur\.ivy2\cache\commons-logging\commons-logging\jars\commons-logging-1.1.1.jar;C:\Users\Artur\.ivy2\cache\commons-codec\commons-codec\jars\commons-codec-1.3.jar;C:\Users\Artur\.ivy2\cache\org.json4s\json4s-native_2.11\jars\json4s-native_2.11-3.3.0.jar;C:\Users\Artur\.ivy2\cache\org.json4s\json4s-core_2.11\jars\json4s-core_2.11-3.3.0.jar;C:\Users\Artur\.ivy2\cache\org.json4s\json4s-ast_2.11\jars\json4s-ast_2.11-3.3.0.jar;C:\Users\Artur\.ivy2\cache\org.json4s\json4s-scalap_2.11\jars\json4s-scalap_2.11-3.3.0.jar;C:\Users\Artur\.ivy2\cache\com.thoughtworks.paranamer\paranamer\bundles\paranamer-2.8.jar;C:\Users\Artur\.ivy2\cache\org.scala-lang.modules\scala-xml_2.11\bundles\scala-xml_2.11-1.0.5.jar
Scala compilation took 3.367202153 s
New invalidations:
	Set()
Initial set of included nodes: Set()
Previously invalidated, but (transitively) depend on new invalidations:
	Set()
All newly invalidated sources after taking into account (previously) recompiled sources:Set()
Total time: 4 s, completed 07/04/2016 10:38:37
> server-post-command-cleanup
> server-handle-next-server-request
> backgroundRunMain Hello
Evaluating tasks: compile:backgroundRunMain
Running task... Cancel: sbt.server.ServerTaskCancellation@a37ffa0, check cycles: false

Initial source changes: 
	removed:Set()
	added: Set()
	modified: Set()
Removed products: Set()
External API changes: API Changes: Set()
Modified binary dependencies: Set()
Initial directly invalidated sources: Set()

Sources indirectly invalidated by:
	product: Set()
	binary dep: Set()
	external source: Set()
All initially invalidated sources: Set()

Copy resource mappings: 
	
Total time: 0 s, completed 07/04/2016 10:38:37
> server-post-command-cleanup
> server-handle-next-server-request
Exception in thread "sbt-bg-threads-1" java.lang.RuntimeException: Nonzero exit code returned from runner: 1
	at scala.sys.package$.error(package.scala:27)
	at sbt.BuildCommon$$anonfun$toError$1.apply(Defaults.scala:1943)
	at sbt.BuildCommon$$anonfun$toError$1.apply(Defaults.scala:1943)
	at scala.Option.foreach(Option.scala:236)
	at sbt.BuildCommon$class.toError(Defaults.scala:1943)
	at sbt.package$.toError(package.scala:4)
	at sbt.plugins.BackgroundRun$$$$b4c18989468ecd5aa4b4422d7494c6$$$$onfun$apply$6.apply(BackgroundRunPlugin.scala:38)
	at sbt.plugins.BackgroundRun$$$$b4c18989468ecd5aa4b4422d7494c6$$$$onfun$apply$6.apply(BackgroundRunPlugin.scala:37)
	at sbt.BackgroundThreadPool$$anonfun$1.apply$mcV$sp(AbstractBackgroundJobService.scala:134)
	at sbt.BackgroundThreadPool$BackgroundRunnable.run(AbstractBackgroundJobService.scala:68)
	at java.util.concurrent.ThreadPoolExecutor.runWorker(ThreadPoolExecutor.java:1142)
	at java.util.concurrent.ThreadPoolExecutor$Worker.run(ThreadPoolExecutor.java:617)
	at java.lang.Thread.run(Thread.java:745)
> compile
Evaluating tasks: compile:compile
Running task... Cancel: sbt.server.ServerTaskCancellation@1e1d9b97, check cycles: false

Initial source changes: 
	removed:Set()
	added: Set()
	modified: Set(C:\Users\Artur\Desktop\ScalaWars\ScalaWarsEpIX\src\main\scala\People.scala)
Removed products: Set()
External API changes: API Changes: Set()
Modified binary dependencies: Set()
Initial directly invalidated sources: Set(C:\Users\Artur\Desktop\ScalaWars\ScalaWarsEpIX\src\main\scala\People.scala)

Sources indirectly invalidated by:
	product: Set()
	binary dep: Set()
	external source: Set()
All initially invalidated sources: Set(C:\Users\Artur\Desktop\ScalaWars\ScalaWarsEpIX\src\main\scala\People.scala)

Recompiling all 1 sources: invalidated sources (1) exceeded 50.0% of all sources
Read from stdout: Compiling 1 Scala source to C:\Users\Artur\Desktop\ScalaWars\ScalaWarsEpIX\target\scala-2.11\classes...
Compiling 1 Scala source to C:\Users\Artur\Desktop\ScalaWars\ScalaWarsEpIX\target\scala-2.11\classes...
Getting compiler-interface from component compiler for Scala 2.11.7
Other repositories:
Default repositories:
Getting compiler-interface from component compiler for Scala 2.11.7
Other repositories:
Default repositories:
Running cached compiler 696f9377, interfacing (CompilerInterface) with Scala compiler version 2.11.7
Calling Scala compiler with arguments  (CompilerInterface):
	-bootclasspath
	C:\Program Files\Java\jdk1.8.0_65\jre\lib\resources.jar;C:\Program Files\Java\jdk1.8.0_65\jre\lib\rt.jar;C:\Program Files\Java\jdk1.8.0_65\jre\lib\sunrsasign.jar;C:\Program Files\Java\jdk1.8.0_65\jre\lib\jsse.jar;C:\Program Files\Java\jdk1.8.0_65\jre\lib\jce.jar;C:\Program Files\Java\jdk1.8.0_65\jre\lib\charsets.jar;C:\Program Files\Java\jdk1.8.0_65\jre\lib\jfr.jar;C:\Program Files\Java\jdk1.8.0_65\jre\classes;C:\Users\Artur\.ivy2\cache\org.scala-lang\scala-library\jars\scala-library-2.11.7.jar
	-classpath
	C:\Users\Artur\Desktop\ScalaWars\ScalaWarsEpIX\target\scala-2.11\classes;C:\Users\Artur\.ivy2\cache\org.apache.httpcomponents\httpclient\jars\httpclient-4.0-alpha4.jar;C:\Users\Artur\.ivy2\cache\org.apache.httpcomponents\httpcore\jars\httpcore-4.0-beta1.jar;C:\Users\Artur\.ivy2\cache\commons-logging\commons-logging\jars\commons-logging-1.1.1.jar;C:\Users\Artur\.ivy2\cache\commons-codec\commons-codec\jars\commons-codec-1.3.jar;C:\Users\Artur\.ivy2\cache\org.json4s\json4s-native_2.11\jars\json4s-native_2.11-3.3.0.jar;C:\Users\Artur\.ivy2\cache\org.json4s\json4s-core_2.11\jars\json4s-core_2.11-3.3.0.jar;C:\Users\Artur\.ivy2\cache\org.json4s\json4s-ast_2.11\jars\json4s-ast_2.11-3.3.0.jar;C:\Users\Artur\.ivy2\cache\org.json4s\json4s-scalap_2.11\jars\json4s-scalap_2.11-3.3.0.jar;C:\Users\Artur\.ivy2\cache\com.thoughtworks.paranamer\paranamer\bundles\paranamer-2.8.jar;C:\Users\Artur\.ivy2\cache\org.scala-lang.modules\scala-xml_2.11\bundles\scala-xml_2.11-1.0.5.jar
Scala compilation took 1.102329764 s
Invalidating C:\Users\Artur\Desktop\ScalaWars\ScalaWarsEpIX\src\main\scala\People.scala...
Invalidating (transitively) by inheritance from C:\Users\Artur\Desktop\ScalaWars\ScalaWarsEpIX\src\main\scala\People.scala...
Initial set of included nodes: Set(C:\Users\Artur\Desktop\ScalaWars\ScalaWarsEpIX\src\main\scala\People.scala)
Invalidated by transitive inheritance dependency: Set(C:\Users\Artur\Desktop\ScalaWars\ScalaWarsEpIX\src\main\scala\People.scala)
The C:\Users\Artur\Desktop\ScalaWars\ScalaWarsEpIX\src\main\scala\People.scala source file has the following implicit definitions changed:
	formats.
All member reference dependencies will be considered within this context.
New invalidations:
	Set()
Initial set of included nodes: Set()
Previously invalidated, but (transitively) depend on new invalidations:
	Set()
All newly invalidated sources after taking into account (previously) recompiled sources:Set()
Total time: 1 s, completed 07/04/2016 10:38:58
> server-post-command-cleanup
> server-handle-next-server-request
> backgroundRunMain Hello
Evaluating tasks: compile:backgroundRunMain
Running task... Cancel: sbt.server.ServerTaskCancellation@16ff40e7, check cycles: false

Initial source changes: 
	removed:Set()
	added: Set()
	modified: Set()
Removed products: Set()
External API changes: API Changes: Set()
Modified binary dependencies: Set()
Initial directly invalidated sources: Set()

Sources indirectly invalidated by:
	product: Set()
	binary dep: Set()
	external source: Set()
All initially invalidated sources: Set()

Copy resource mappings: 
	
Total time: 0 s, completed 07/04/2016 10:38:58
> server-post-command-cleanup
> server-handle-next-server-request
> compile
Evaluating tasks: compile:compile
Running task... Cancel: sbt.server.ServerTaskCancellation@24a16e6c, check cycles: false

Initial source changes: 
	removed:Set(C:\Users\Artur\Desktop\ScalaWars\ScalaWarsEpIX\src\main\scala\People.scala)
	added: Set(C:\Users\Artur\Desktop\ScalaWars\ScalaWarsEpIX\src\main\scala\Hello.scala)
	modified: Set()
Removed products: Set()
External API changes: API Changes: Set()
Modified binary dependencies: Set()
Initial directly invalidated sources: Set(C:\Users\Artur\Desktop\ScalaWars\ScalaWarsEpIX\src\main\scala\People.scala, C:\Users\Artur\Desktop\ScalaWars\ScalaWarsEpIX\src\main\scala\Hello.scala)

Sources indirectly invalidated by:
	product: Set()
	binary dep: Set()
	external source: Set()
All initially invalidated sources: Set(C:\Users\Artur\Desktop\ScalaWars\ScalaWarsEpIX\src\main\scala\People.scala, C:\Users\Artur\Desktop\ScalaWars\ScalaWarsEpIX\src\main\scala\Hello.scala)

Recompiling all 1 sources: invalidated sources (2) exceeded 50.0% of all sources
Read from stdout: Compiling 1 Scala source to C:\Users\Artur\Desktop\ScalaWars\ScalaWarsEpIX\target\scala-2.11\classes...
Compiling 1 Scala source to C:\Users\Artur\Desktop\ScalaWars\ScalaWarsEpIX\target\scala-2.11\classes...
Getting compiler-interface from component compiler for Scala 2.11.7
Other repositories:
Default repositories:
Getting compiler-interface from component compiler for Scala 2.11.7
Other repositories:
Default repositories:
Running cached compiler 3a1ea1f5, interfacing (CompilerInterface) with Scala compiler version 2.11.7
Calling Scala compiler with arguments  (CompilerInterface):
	-bootclasspath
	C:\Program Files\Java\jdk1.8.0_65\jre\lib\resources.jar;C:\Program Files\Java\jdk1.8.0_65\jre\lib\rt.jar;C:\Program Files\Java\jdk1.8.0_65\jre\lib\sunrsasign.jar;C:\Program Files\Java\jdk1.8.0_65\jre\lib\jsse.jar;C:\Program Files\Java\jdk1.8.0_65\jre\lib\jce.jar;C:\Program Files\Java\jdk1.8.0_65\jre\lib\charsets.jar;C:\Program Files\Java\jdk1.8.0_65\jre\lib\jfr.jar;C:\Program Files\Java\jdk1.8.0_65\jre\classes;C:\Users\Artur\.ivy2\cache\org.scala-lang\scala-library\jars\scala-library-2.11.7.jar
	-classpath
	C:\Users\Artur\Desktop\ScalaWars\ScalaWarsEpIX\target\scala-2.11\classes;C:\Users\Artur\.ivy2\cache\org.apache.httpcomponents\httpclient\jars\httpclient-4.0-alpha4.jar;C:\Users\Artur\.ivy2\cache\org.apache.httpcomponents\httpcore\jars\httpcore-4.0-beta1.jar;C:\Users\Artur\.ivy2\cache\commons-logging\commons-logging\jars\commons-logging-1.1.1.jar;C:\Users\Artur\.ivy2\cache\commons-codec\commons-codec\jars\commons-codec-1.3.jar;C:\Users\Artur\.ivy2\cache\org.json4s\json4s-native_2.11\jars\json4s-native_2.11-3.3.0.jar;C:\Users\Artur\.ivy2\cache\org.json4s\json4s-core_2.11\jars\json4s-core_2.11-3.3.0.jar;C:\Users\Artur\.ivy2\cache\org.json4s\json4s-ast_2.11\jars\json4s-ast_2.11-3.3.0.jar;C:\Users\Artur\.ivy2\cache\org.json4s\json4s-scalap_2.11\jars\json4s-scalap_2.11-3.3.0.jar;C:\Users\Artur\.ivy2\cache\com.thoughtworks.paranamer\paranamer\bundles\paranamer-2.8.jar;C:\Users\Artur\.ivy2\cache\org.scala-lang.modules\scala-xml_2.11\bundles\scala-xml_2.11-1.0.5.jar
Scala compilation took 0.802436078 s
Invalidating C:\Users\Artur\Desktop\ScalaWars\ScalaWarsEpIX\src\main\scala\Hello.scala...
Invalidating (transitively) by inheritance from C:\Users\Artur\Desktop\ScalaWars\ScalaWarsEpIX\src\main\scala\Hello.scala...
Initial set of included nodes: Set(C:\Users\Artur\Desktop\ScalaWars\ScalaWarsEpIX\src\main\scala\Hello.scala)
Invalidated by transitive inheritance dependency: Set(C:\Users\Artur\Desktop\ScalaWars\ScalaWarsEpIX\src\main\scala\Hello.scala)
The C:\Users\Artur\Desktop\ScalaWars\ScalaWarsEpIX\src\main\scala\Hello.scala source file has the following implicit definitions changed:
	formats.
All member reference dependencies will be considered within this context.
Invalidating C:\Users\Artur\Desktop\ScalaWars\ScalaWarsEpIX\src\main\scala\People.scala...
Invalidating (transitively) by inheritance from C:\Users\Artur\Desktop\ScalaWars\ScalaWarsEpIX\src\main\scala\People.scala...
Initial set of included nodes: Set(C:\Users\Artur\Desktop\ScalaWars\ScalaWarsEpIX\src\main\scala\People.scala)
Invalidated by transitive inheritance dependency: Set(C:\Users\Artur\Desktop\ScalaWars\ScalaWarsEpIX\src\main\scala\People.scala)
The C:\Users\Artur\Desktop\ScalaWars\ScalaWarsEpIX\src\main\scala\People.scala source file has the following implicit definitions changed:
	formats.
All member reference dependencies will be considered within this context.
New invalidations:
	Set()
Initial set of included nodes: Set()
Previously invalidated, but (transitively) depend on new invalidations:
	Set()
All newly invalidated sources after taking into account (previously) recompiled sources:Set()
Total time: 1 s, completed 07/04/2016 10:39:40
> server-post-command-cleanup
> server-handle-next-server-request
> compile
Evaluating tasks: compile:compile
Running task... Cancel: sbt.server.ServerTaskCancellation@1699b7d1, check cycles: false

Canceling execution...
Task java.util.concurrent.ExecutorCompletionService$QueueingFuture@2e87f8b2 rejected from java.util.concurrent.ThreadPoolExecutor@5309c942[Terminated, pool size = 0, active threads = 0, queued tasks = 0, completed tasks = 18]
java.util.concurrent.RejectedExecutionException: Task java.util.concurrent.ExecutorCompletionService$QueueingFuture@2e87f8b2 rejected from java.util.concurrent.ThreadPoolExecutor@5309c942[Terminated, pool size = 0, active threads = 0, queued tasks = 0, completed tasks = 18]
Use 'last' for the full log.
> server-post-command-error-handler
> server-post-command-cleanup
> server-handle-next-server-request
> backgroundRunMain Hello
Evaluating tasks: compile:backgroundRunMain
Running task... Cancel: sbt.server.ServerTaskCancellation@3ee73de2, check cycles: false
registered more than once? streams-manager
registered more than once? streams-manager
Use 'last' for the full log.
> server-post-command-error-handler
> server-post-command-cleanup
> server-handle-next-server-request
Done executing sbt server engine, result Right(Exit(0))
Closing listening server socket
Waiting for socket thread
Waiting for request processor thread
Waiting for command engine result
Returning control to sbt launcher with result Exit(0)
Closing the 2920@pc-ilegra-ab logs at Thu Apr 07 10:39:45 BRT 2016, goodbye.
